<?xml version="1.0" encoding="UTF-8"?>
<!-- Generated by org.testng.reporters.JUnitReportReporter -->
<testsuite hostname="MSI" failures="0" tests="1" name="com.test.LoginTest" time="1.115" errors="0" timestamp="06 Oct 2024 16:41:31 GMT" skipped="0">
  <testcase classname="com.test.LoginTest" name="loginWithValidUserNameAndValidPassword" time="1.115"/>
</testsuite> <!-- com.test.LoginTest -->
